Using pre-set license
Built from '2020.3/release' branch; Version is '2020.3.2f1 (8fd9074bf66c) revision 9427207'; Using compiler version '192528614'; Build Type 'Release'
OS: 'Windows 10 Pro; OS build 18363.1440; Version 1909; 64bit' Language: 'en' Physical Memory: 8097 MB
BatchMode: 1, IsHumanControllingUs: 0, StartBugReporterOnCrash: 0, Is64bit: 1, IsPro: 0

 COMMAND LINE ARGUMENTS:
C:\Program Files\Unity\Editor\Unity.exe
-adb2
-batchMode
-noUpm
-name
AssetImportWorker0
-projectPath
C:/Users/Tajib/Desktop/planTopia
-logFile
Logs/AssetImportWorker0.log
-srvPort
51684
Successfully changed project path to: C:/Users/Tajib/Desktop/planTopia
C:/Users/Tajib/Desktop/planTopia
Using Asset Import Pipeline V2.
Refreshing native plugins compatible for Editor in 80.11 ms, found 0 plugins.
Preloading 0 native plugins for Editor in 0.00 ms.
Initialize engine version: 2020.3.2f1 (8fd9074bf66c)
[Subsystems] Discovering subsystems at path C:/Program Files/Unity/Editor/Data/Resources/UnitySubsystems
[Subsystems] Discovering subsystems at path C:/Users/Tajib/Desktop/planTopia/Assets
GfxDevice: creating device client; threaded=0
Direct3D:
    Version:  Direct3D 11.0 [level 11.1]
    Renderer: Intel(R) HD Graphics 4600 (ID=0x416)
    Vendor:   
    VRAM:     2048 MB
    Driver:   20.19.15.5063
Initialize mono
Mono path[0] = 'C:/Program Files/Unity/Editor/Data/Managed'
Mono path[1] = 'C:/Program Files/Unity/Editor/Data/MonoBleedingEdge/lib/mono/unityjit'
Mono config path = 'C:/Program Files/Unity/Editor/Data/MonoBleedingEdge/etc'
Using monoOptions --debugger-agent=transport=dt_socket,embedding=1,server=y,suspend=n,address=127.0.0.1:56936
Begin MonoManager ReloadAssembly
Registering precompiled unity dll's ...
Register platform support module: C:/Program Files/Unity/Editor/Data/PlaybackEngines/WindowsStandaloneSupport/UnityEditor.WindowsStandalone.Extensions.dll
Registered in 0.006264 seconds.
Native extension for WindowsStandalone target not found
Refreshing native plugins compatible for Editor in 42.07 ms, found 0 plugins.
Preloading 0 native plugins for Editor in 0.00 ms.
Invoked RoslynAnalysisRunner static constructor.
RoslynAnalysisRunner will not be running.
RoslynAnalysisRunner has terminated.
Mono: successfully reloaded assembly
- Completed reload, in  2.487 seconds
Platform modules already initialized, skipping
Registering precompiled user dll's ...
Registered in 0.000911 seconds.
Begin MonoManager ReloadAssembly
Native extension for WindowsStandalone target not found
Refreshing native plugins compatible for Editor in 0.47 ms, found 0 plugins.
Preloading 0 native plugins for Editor in 0.00 ms.
Invoked RoslynAnalysisRunner static constructor.
RoslynAnalysisRunner will not be running.
RoslynAnalysisRunner has terminated.
Mono: successfully reloaded assembly
- Completed reload, in  2.392 seconds
Platform modules already initialized, skipping
========================================================================
Worker process is ready to serve import requests
Launched and connected shader compiler UnityShaderCompiler.exe after 0.24 seconds
Refreshing native plugins compatible for Editor in 0.52 ms, found 0 plugins.
Preloading 0 native plugins for Editor in 0.00 ms.
Unloading 1135 Unused Serialized files (Serialized files now loaded: 0)
System memory in use before: 57.7 MB.
System memory in use after: 57.7 MB.

Unloading 10 unused Assets to reduce memory usage. Loaded Objects now: 1577.
Total: 6.518700 ms (FindLiveObjects: 0.205500 ms CreateObjectMapping: 0.056500 ms MarkObjects: 6.112800 ms  DeleteObjects: 0.141800 ms)

========================================================================
Received Import Request.
  path: Assets/Editor
  artifactKey: Guid(914ff85fe4a8bca4892b44790245ae95) Importer(815301076,1909f56bfc062723c751e8b465ee728b)
Start importing Assets/Editor using Guid(914ff85fe4a8bca4892b44790245ae95) Importer(815301076,1909f56bfc062723c751e8b465ee728b)  -> (artifact id: 'c7831a8795d54db4a14f7837bffdfa03') in 0.032867 seconds
  Import took 0.043298 seconds .

========================================================================
Received Import Request.
  Time since last request: 9.177547 seconds.
  path: Assets/Editor/NAMESPACE RESOLVER SCRIPT.txt
  artifactKey: Guid(12d3211049d1afd42ae9a3881067a0c4) Importer(815301076,1909f56bfc062723c751e8b465ee728b)
Start importing Assets/Editor/NAMESPACE RESOLVER SCRIPT.txt using Guid(12d3211049d1afd42ae9a3881067a0c4) Importer(815301076,1909f56bfc062723c751e8b465ee728b)  -> (artifact id: 'e2f0e41a191f4cbc62b976f7bdb1afa9') in 0.101057 seconds
  Import took 0.109529 seconds .

========================================================================
Received Import Request.
  Time since last request: 39.153749 seconds.
  path: Assets/Editor/NamespaceResolver.cs
  artifactKey: Guid(dd9b27da1e3ec3241888da21d3c051e0) Importer(815301076,1909f56bfc062723c751e8b465ee728b)
Start importing Assets/Editor/NamespaceResolver.cs using Guid(dd9b27da1e3ec3241888da21d3c051e0) Importer(815301076,1909f56bfc062723c751e8b465ee728b)  -> (artifact id: 'aaee0bf440d27c9ba24ab8080e25fa87') in 0.031913 seconds
  Import took 0.042257 seconds .

========================================================================
Received Import Request.
  Time since last request: 31.441550 seconds.
  path: Assets/Editor/NamespaceResolver.cs
  artifactKey: Guid(dd9b27da1e3ec3241888da21d3c051e0) Importer(815301076,1909f56bfc062723c751e8b465ee728b)
Start importing Assets/Editor/NamespaceResolver.cs using Guid(dd9b27da1e3ec3241888da21d3c051e0) Importer(815301076,1909f56bfc062723c751e8b465ee728b)  -> (artifact id: 'e5c3b8a5e4a32ed8619dfe305aeab311') in 0.019537 seconds
  Import took 1.603838 seconds .

========================================================================
Received Import Request.
  Time since last request: 39.590672 seconds.
  path: Assets/Editor/NamespaceResolver.cs
  artifactKey: Guid(dd9b27da1e3ec3241888da21d3c051e0) Importer(815301076,1909f56bfc062723c751e8b465ee728b)
Start importing Assets/Editor/NamespaceResolver.cs using Guid(dd9b27da1e3ec3241888da21d3c051e0) Importer(815301076,1909f56bfc062723c751e8b465ee728b)  -> (artifact id: '389a48e7f4082dd6b0acbebc0b34bdaf') in 0.012127 seconds
  Import took 0.018626 seconds .

========================================================================
Received Import Request.
  Time since last request: 0.013021 seconds.
  path: Assets/Editor/NamespaceResolver.cs
  artifactKey: Guid(dd9b27da1e3ec3241888da21d3c051e0) Importer(815301076,1909f56bfc062723c751e8b465ee728b)
Start importing Assets/Editor/NamespaceResolver.cs using Guid(dd9b27da1e3ec3241888da21d3c051e0) Importer(815301076,1909f56bfc062723c751e8b465ee728b)  -> (artifact id: '389a48e7f4082dd6b0acbebc0b34bdaf') in 0.031029 seconds
  Import took 0.127674 seconds .

========================================================================
Received Prepare
Registering precompiled user dll's ...
Registered in 0.000898 seconds.
Begin MonoManager ReloadAssembly
Native extension for WindowsStandalone target not found
Refreshing native plugins compatible for Editor in 0.27 ms, found 0 plugins.
Preloading 0 native plugins for Editor in 0.00 ms.
Invoked RoslynAnalysisRunner static constructor.
RoslynAnalysisRunner will not be running.
RoslynAnalysisRunner has terminated.
Mono: successfully reloaded assembly
- Completed reload, in  1.474 seconds
Platform modules already initialized, skipping
Refreshing native plugins compatible for Editor in 5.94 ms, found 0 plugins.
Preloading 0 native plugins for Editor in 0.00 ms.
Unloading 1131 Unused Serialized files (Serialized files now loaded: 0)
System memory in use before: 57.6 MB.
System memory in use after: 57.7 MB.

Unloading 5 unused Assets to reduce memory usage. Loaded Objects now: 1581.
Total: 4.526200 ms (FindLiveObjects: 0.222200 ms CreateObjectMapping: 0.057600 ms MarkObjects: 4.172300 ms  DeleteObjects: 0.072800 ms)

========================================================================
Received Import Request.
  Time since last request: 16.052368 seconds.
  path: Assets
  artifactKey: Guid(00000000000000001000000000000000) Importer(815301076,1909f56bfc062723c751e8b465ee728b)
Start importing Assets using Guid(00000000000000001000000000000000) Importer(815301076,1909f56bfc062723c751e8b465ee728b)  -> (artifact id: '819a33a9bd799f71faca6db75e8a216c') in 0.035961 seconds
  Import took 0.044335 seconds .

========================================================================
Received Import Request.
  Time since last request: 6.407952 seconds.
  path: Assets/Material
  artifactKey: Guid(e14a6335a29a06943beb5235b2a705b9) Importer(815301076,1909f56bfc062723c751e8b465ee728b)
Start importing Assets/Material using Guid(e14a6335a29a06943beb5235b2a705b9) Importer(815301076,1909f56bfc062723c751e8b465ee728b)  -> (artifact id: 'b8a5067966cfe92e1ce2b618df389321') in 0.025539 seconds
  Import took 0.036056 seconds .

========================================================================
Received Import Request.
  Time since last request: 6.340846 seconds.
  path: Assets/Animations
  artifactKey: Guid(090c2a57057acab4a8cd3ddf2ad98553) Importer(815301076,1909f56bfc062723c751e8b465ee728b)
Start importing Assets/Animations using Guid(090c2a57057acab4a8cd3ddf2ad98553) Importer(815301076,1909f56bfc062723c751e8b465ee728b)  -> (artifact id: '630e41f2e2ed67a02a27b1f60fc0f309') in 0.041737 seconds
  Import took 0.048542 seconds .

========================================================================
Received Import Request.
  Time since last request: 0.001595 seconds.
  path: Assets/Animations
  artifactKey: Guid(090c2a57057acab4a8cd3ddf2ad98553) Importer(815301076,1909f56bfc062723c751e8b465ee728b)
Start importing Assets/Animations using Guid(090c2a57057acab4a8cd3ddf2ad98553) Importer(815301076,1909f56bfc062723c751e8b465ee728b)  -> (artifact id: '630e41f2e2ed67a02a27b1f60fc0f309') in 0.010377 seconds
  Import took 0.017048 seconds .

========================================================================
Received Import Request.
  Time since last request: 6.863770 seconds.
  path: Assets/Materials
  artifactKey: Guid(e14a6335a29a06943beb5235b2a705b9) Importer(815301076,1909f56bfc062723c751e8b465ee728b)
Start importing Assets/Materials using Guid(e14a6335a29a06943beb5235b2a705b9) Importer(815301076,1909f56bfc062723c751e8b465ee728b)  -> (artifact id: '52d4fba78edf7a03ca7dca45421330f6') in 0.031100 seconds
  Import took 0.035582 seconds .

========================================================================
Received Import Request.
  Time since last request: 7.664561 seconds.
  path: Assets/Prefabs
  artifactKey: Guid(498801c71a4f131408556e88a23cfa5e) Importer(815301076,1909f56bfc062723c751e8b465ee728b)
Start importing Assets/Prefabs using Guid(498801c71a4f131408556e88a23cfa5e) Importer(815301076,1909f56bfc062723c751e8b465ee728b)  -> (artifact id: '204e133f8d3c07993f259d8e5db7c5a2') in 0.029739 seconds
  Import took 0.034902 seconds .

========================================================================
Received Import Request.
  Time since last request: 8.119430 seconds.
  path: Assets/Core
  artifactKey: Guid(08dea582563120f4aa1ed2dfba0fc764) Importer(815301076,1909f56bfc062723c751e8b465ee728b)
Start importing Assets/Core using Guid(08dea582563120f4aa1ed2dfba0fc764) Importer(815301076,1909f56bfc062723c751e8b465ee728b)  -> (artifact id: 'ef74b78b9b3813fbfe566f3417a16c54') in 0.036532 seconds
  Import took 0.045308 seconds .

========================================================================
Received Import Request.
  Time since last request: 31.918666 seconds.
  path: Assets/Scripts
  artifactKey: Guid(c2fc5cddc8d04034fbeefacdbacc122c) Importer(815301076,1909f56bfc062723c751e8b465ee728b)
Start importing Assets/Scripts using Guid(c2fc5cddc8d04034fbeefacdbacc122c) Importer(815301076,1909f56bfc062723c751e8b465ee728b)  -> (artifact id: '1714bc45f4958533da84416c855e8dc9') in 0.030821 seconds
  Import took 0.042845 seconds .

========================================================================
Received Import Request.
  Time since last request: 27.918968 seconds.
  path: Assets/GameObjects
  artifactKey: Guid(31fd3ea27ccaf5c47acd74900c686763) Importer(815301076,1909f56bfc062723c751e8b465ee728b)
Start importing Assets/GameObjects using Guid(31fd3ea27ccaf5c47acd74900c686763) Importer(815301076,1909f56bfc062723c751e8b465ee728b)  -> (artifact id: '3707b26b4aece42a2d09b82fa03d94c6') in 0.045067 seconds
  Import took 0.052340 seconds .

========================================================================
Received Import Request.
  Time since last request: 10.399697 seconds.
  path: Assets/Scenes
  artifactKey: Guid(bd7d9c148f902bd4dbed984782349439) Importer(815301076,1909f56bfc062723c751e8b465ee728b)
Start importing Assets/Scenes using Guid(bd7d9c148f902bd4dbed984782349439) Importer(815301076,1909f56bfc062723c751e8b465ee728b)  -> (artifact id: '918a98dd0fcfc8d7d2a659415936dce1') in 0.032297 seconds
  Import took 0.038244 seconds .

========================================================================
Received Import Request.
  Time since last request: 0.007092 seconds.
  path: Assets/Scenes
  artifactKey: Guid(bd7d9c148f902bd4dbed984782349439) Importer(815301076,1909f56bfc062723c751e8b465ee728b)
Start importing Assets/Scenes using Guid(bd7d9c148f902bd4dbed984782349439) Importer(815301076,1909f56bfc062723c751e8b465ee728b)  -> (artifact id: '918a98dd0fcfc8d7d2a659415936dce1') in 0.022668 seconds
  Import took 0.029867 seconds .

========================================================================
Received Import Request.
  Time since last request: 15.109380 seconds.
  path: Assets/Prefabs/Azra.cs
  artifactKey: Guid(beaebb5aac27afa4ebdb921901d5d21e) Importer(815301076,1909f56bfc062723c751e8b465ee728b)
Start importing Assets/Prefabs/Azra.cs using Guid(beaebb5aac27afa4ebdb921901d5d21e) Importer(815301076,1909f56bfc062723c751e8b465ee728b)  -> (artifact id: 'c995ce9d49bfaf990c49c51b335d3aec') in 0.020554 seconds
  Import took 0.025485 seconds .

========================================================================
Received Prepare
Registering precompiled user dll's ...
Registered in 0.001826 seconds.
Begin MonoManager ReloadAssembly
Native extension for WindowsStandalone target not found
Refreshing native plugins compatible for Editor in 1.40 ms, found 0 plugins.
Preloading 0 native plugins for Editor in 0.00 ms.
Invoked RoslynAnalysisRunner static constructor.
RoslynAnalysisRunner will not be running.
RoslynAnalysisRunner has terminated.
Mono: successfully reloaded assembly
- Completed reload, in  1.911 seconds
Platform modules already initialized, skipping
Refreshing native plugins compatible for Editor in 0.49 ms, found 0 plugins.
Preloading 0 native plugins for Editor in 0.00 ms.
Unloading 1132 Unused Serialized files (Serialized files now loaded: 0)
System memory in use before: 57.7 MB.
System memory in use after: 57.8 MB.

Unloading 5 unused Assets to reduce memory usage. Loaded Objects now: 1585.
Total: 14.169900 ms (FindLiveObjects: 0.220200 ms CreateObjectMapping: 0.112900 ms MarkObjects: 13.752000 ms  DeleteObjects: 0.082600 ms)

========================================================================
Received Prepare
Registering precompiled user dll's ...
Registered in 0.001685 seconds.
Begin MonoManager ReloadAssembly
Native extension for WindowsStandalone target not found
Refreshing native plugins compatible for Editor in 0.53 ms, found 0 plugins.
Preloading 0 native plugins for Editor in 0.00 ms.
Invoked RoslynAnalysisRunner static constructor.
RoslynAnalysisRunner will not be running.
RoslynAnalysisRunner has terminated.
Mono: successfully reloaded assembly
- Completed reload, in  1.920 seconds
Platform modules already initialized, skipping
Refreshing native plugins compatible for Editor in 2.28 ms, found 0 plugins.
Preloading 0 native plugins for Editor in 0.00 ms.
Unloading 1131 Unused Serialized files (Serialized files now loaded: 0)
System memory in use before: 57.7 MB.
System memory in use after: 57.7 MB.

Unloading 6 unused Assets to reduce memory usage. Loaded Objects now: 1587.
Total: 6.912100 ms (FindLiveObjects: 0.971300 ms CreateObjectMapping: 0.436300 ms MarkObjects: 5.417500 ms  DeleteObjects: 0.084300 ms)

AssetImportWorkerClient::OnTransportError - code=2 error=End of file
